<?xml version="1.0" encoding="UTF-8"?>
<!-- Generated by org.testng.reporters.JUnitReportReporter -->
<testsuite skipped="0" hostname="LAPTOP-3PLVHCB2" name="MagentoTest" tests="1" failures="0" timestamp="01 Dec 2018 18:08:54 GMT" time="67.891" errors="0">
  <testcase name="test" time="67.891" classname="MagentoTest"/>
</testsuite> <!-- MagentoTest -->
